This is pdfTeX, Version 3.14159265-2.6-1.40.16 (TeX Live 2015) (preloaded format=pdflatex 2015.5.24)  1 FEB 2019 16:39
entering extended mode
 restricted \write18 enabled.
 file:line:error style messages enabled.
 %&-line parsing enabled.
**gut_reps.tex
(./gut_reps.tex
LaTeX2e <2015/01/01>
Babel <3.9l> and hyphenation patterns for 79 languages loaded.
(/usr/local/texlive/2015/texmf-dist/tex/latex/revtex4/revtex4.cls
Document Class: revtex4 2001/08/02 v4.0 (http://publish.aps.org/revtex4/ for do
cumentation)
 Copyright (c) 2001 The American Physical Society.
 mailto:revtex@aps.org
 Licensed under the LPPL:
http://www.ctan.org/tex-archive/macros/latex/base/lppl.txt
 Arthur Ogawa <ogawa@teleport.com>
 Based on work by David Carlisle <david@dcarlisle.demon.co.uk>.
ltxutil: portions licensed from W. E. Baxter (web@superscript.com)
Class revtex4 Info: Repairing broken LateX \@sect on input line 596.
\intertabularlinepenalty=\count79
\@tbpen=\count80
\@arstrutbox@hline=\box26
Class revtex4 Info: Repairing broken LaTeX \@xbitor on input line 1610.
ltxgrid: portions licensed from W. E. Baxter (web@superscript.com)
\c@linecount=\count81
\output=\toks14
\@protection@box=\box27
\@topmark@saved=\toks15
\footins@saved=\box28
\pagesofar=\box29
\footbox=\box30
\pagegrid@col=\count82
Class revtex4 Info: Incorporating package {textcase}  [1998/11/12 v0.06 Text on
ly upper/lower case changing (DPC)]. on input line 3682.
(/usr/local/texlive/2015/texmf-dist/tex/latex/url/url.sty
\Urlmuskip=\muskip10
Package: url 2013/09/16  ver 3.4  Verb mode for urls, etc.
)
\c@affil=\count83
\absbox=\box31
\c@part=\count84
\c@section=\count85
\c@subsection=\count86
\c@subsubsection=\count87
\c@paragraph=\count88
\c@subparagraph=\count89
\abovecaptionskip=\skip41
\belowcaptionskip=\skip42
\c@figure=\count90
\c@table=\count91

(/usr/local/texlive/2015/texmf-dist/tex/latex/natbib/natbib.sty
Package: natbib 2010/09/13 8.31b (PWD, AO)
\bibhang=\skip43
\bibsep=\skip44
LaTeX Info: Redefining \cite on input line 694.
\c@NAT@ctr=\count92
)
\widetext@top=\box32
\widetext@bot=\box33

(/usr/local/texlive/2015/texmf-dist/tex/latex/revtex4/revsymb.sty
Package: revsymb 2001/08/02 v4.0 (http://publish.aps.org/revtex4/ for documenta
tion)
LaTeX Info: Redefining \REV@mathfrak on input line 118.
))
(/usr/local/texlive/2015/texmf-dist/tex/latex/amsfonts/amssymb.sty
Package: amssymb 2013/01/14 v3.01 AMS font symbols

(/usr/local/texlive/2015/texmf-dist/tex/latex/amsfonts/amsfonts.sty
Package: amsfonts 2013/01/14 v3.01 Basic AMSFonts support
\@emptytoks=\toks16
\symAMSa=\mathgroup4
\symAMSb=\mathgroup5
LaTeX Font Info:    Overwriting math alphabet `\mathfrak' in version `bold'
(Font)                  U/euf/m/n --> U/euf/b/n on input line 106.
LaTeX Info: Redefining \frak on input line 111.
LaTeX Info: Redefining \Bbb on input line 113.
))
(/usr/local/texlive/2015/texmf-dist/tex/latex/amsmath/amsmath.sty
Package: amsmath 2013/01/14 v2.14 AMS math features
\@mathmargin=\skip45

For additional information on amsmath, use the `?' option.
(/usr/local/texlive/2015/texmf-dist/tex/latex/amsmath/amstext.sty
Package: amstext 2000/06/29 v2.01

(/usr/local/texlive/2015/texmf-dist/tex/latex/amsmath/amsgen.sty
File: amsgen.sty 1999/11/30 v2.0
\@emptytoks=\toks17
\ex@=\dimen102
))
(/usr/local/texlive/2015/texmf-dist/tex/latex/amsmath/amsbsy.sty
Package: amsbsy 1999/11/29 v1.2d
\pmbraise@=\dimen103
)
(/usr/local/texlive/2015/texmf-dist/tex/latex/amsmath/amsopn.sty
Package: amsopn 1999/12/14 v2.01 operator names
)
\inf@bad=\count93
LaTeX Info: Redefining \frac on input line 210.
\uproot@=\count94
\leftroot@=\count95
LaTeX Info: Redefining \overline on input line 306.
\classnum@=\count96
\DOTSCASE@=\count97
LaTeX Info: Redefining \ldots on input line 378.
LaTeX Info: Redefining \dots on input line 381.
LaTeX Info: Redefining \cdots on input line 466.
\Mathstrutbox@=\box34
\strutbox@=\box35
\big@size=\dimen104
LaTeX Font Info:    Redeclaring font encoding OML on input line 566.
LaTeX Font Info:    Redeclaring font encoding OMS on input line 567.
\macc@depth=\count98
\c@MaxMatrixCols=\count99
\dotsspace@=\muskip11
\c@parentequation=\count100
\dspbrk@lvl=\count101
\tag@help=\toks18
\row@=\count102
\column@=\count103
\maxfields@=\count104
\andhelp@=\toks19
\eqnshift@=\dimen105
\alignsep@=\dimen106
\tagshift@=\dimen107
\tagwidth@=\dimen108
\totwidth@=\dimen109
\lineht@=\dimen110
\@envbody=\toks20
\multlinegap=\skip46
\multlinetaggap=\skip47
\mathdisplay@stack=\toks21
LaTeX Info: Redefining \[ on input line 2665.
LaTeX Info: Redefining \] on input line 2666.
)
(/usr/local/texlive/2015/texmf-dist/tex/latex/revtex4/aps.rtx
File: aps.rtx 2001/08/02 v4.0 (http://publish.aps.org/revtex4/ for documentatio
n)
)
(/usr/local/texlive/2015/texmf-dist/tex/latex/revtex4/10pt.rtx
File: 10pt.rtx 2001/08/02 v4.0 (http://publish.aps.org/revtex4/ for documentati
on)
)
(/usr/local/texlive/2015/texmf-dist/tex/latex/graphics/color.sty
Package: color 2014/10/28 v1.1a Standard LaTeX Color (DPC)

(/usr/local/texlive/2015/texmf-dist/tex/latex/latexconfig/color.cfg
File: color.cfg 2007/01/18 v1.5 color configuration of teTeX/TeXLive
)
Package color Info: Driver file: pdftex.def on input line 142.

(/usr/local/texlive/2015/texmf-dist/tex/latex/pdftex-def/pdftex.def
File: pdftex.def 2011/05/27 v0.06d Graphics/color for pdfTeX

(/usr/local/texlive/2015/texmf-dist/tex/generic/oberdiek/infwarerr.sty
Package: infwarerr 2010/04/08 v1.3 Providing info/warning/error messages (HO)
)
(/usr/local/texlive/2015/texmf-dist/tex/generic/oberdiek/ltxcmds.sty
Package: ltxcmds 2011/11/09 v1.22 LaTeX kernel commands for general use (HO)
)
\Gread@gobject=\count105
))
(/usr/local/texlive/2015/texmf-dist/tex/latex/multirow/multirow.sty
\bigstrutjot=\dimen111
)
(/usr/local/texlive/2015/texmf-dist/tex/latex/graphics/graphics.sty
Package: graphics 2014/10/28 v1.0p Standard LaTeX Graphics (DPC,SPQR)

(/usr/local/texlive/2015/texmf-dist/tex/latex/graphics/trig.sty
Package: trig 1999/03/16 v1.09 sin cos tan (DPC)
)
(/usr/local/texlive/2015/texmf-dist/tex/latex/latexconfig/graphics.cfg
File: graphics.cfg 2010/04/23 v1.9 graphics configuration of TeX Live
)
Package graphics Info: Driver file: pdftex.def on input line 94.
)
(/usr/local/texlive/2015/texmf-dist/tex/latex/graphics/graphicx.sty
Package: graphicx 2014/10/28 v1.0g Enhanced LaTeX Graphics (DPC,SPQR)

(/usr/local/texlive/2015/texmf-dist/tex/latex/graphics/keyval.sty
Package: keyval 2014/10/28 v1.15 key=value parser (DPC)
\KV@toks@=\toks22
)
\Gin@req@height=\dimen112
\Gin@req@width=\dimen113
)
(/usr/local/texlive/2015/texmf-dist/tex/latex/tools/longtable.sty
Package: longtable 2014/10/28 v4.11 Multi-page Table package (DPC)
\LTleft=\skip48
\LTright=\skip49
\LTpre=\skip50
\LTpost=\skip51
\LTchunksize=\count106
\LTcapwidth=\dimen114
\LT@head=\box36
\LT@firsthead=\box37
\LT@foot=\box38
\LT@lastfoot=\box39
\LT@cols=\count107
\LT@rows=\count108
\c@LT@tables=\count109
\c@LT@chunks=\count110
\LT@p@ftn=\toks23
)
(/usr/local/texlive/2015/texmf-dist/tex/generic/babel/babel.sty
Package: babel 2014/09/25 3.9l The Babel package

(/usr/local/texlive/2015/texmf-dist/tex/generic/babel-english/english.ldf
Language: english 2012/08/20 v3.3p English support from the babel system

(/usr/local/texlive/2015/texmf-dist/tex/generic/babel/babel.def
File: babel.def 2014/09/25 3.9l Babel common definitions
\babel@savecnt=\count111
\U@D=\dimen115
)
\l@canadian = a dialect from \language\l@american 
\l@australian = a dialect from \language\l@british 
\l@newzealand = a dialect from \language\l@british 
))
(/usr/local/texlive/2015/texmf-dist/tex/generic/epsf/epsf.sty
This is `epsf.tex' v2.7.4 <14 February 2011>
\epsffilein=\read1
\epsfframemargin=\dimen116
\epsfframethickness=\dimen117
\epsfrsize=\dimen118
\epsftmp=\dimen119
\epsftsize=\dimen120
\epsfxsize=\dimen121
\epsfysize=\dimen122
\pspoints=\dimen123
) (/usr/local/texlive/2015/texmf-dist/tex/latex/tools/bm.sty
Package: bm 2014/10/28 v1.1c Bold Symbol Support (DPC/FMi)
\symboldoperators=\mathgroup6
\symboldletters=\mathgroup7
\symboldsymbols=\mathgroup8
LaTeX Font Info:    Redeclaring math alphabet \mathbf on input line 141.
LaTeX Info: Redefining \bm on input line 207.
)
(/usr/local/texlive/2015/texmf-dist/tex/latex/tools/verbatim.sty
Package: verbatim 2014/10/28 v1.5q LaTeX2e package for verbatim enhancements
\every@verbatim=\toks24
\verbatim@line=\toks25
\verbatim@in@stream=\read2
)
(/usr/local/texlive/2015/texmf-dist/tex/latex/hyperref/hyperref.sty
Package: hyperref 2012/11/06 v6.83m Hypertext links for LaTeX

(/usr/local/texlive/2015/texmf-dist/tex/generic/oberdiek/hobsub-hyperref.sty
Package: hobsub-hyperref 2012/05/28 v1.13 Bundle oberdiek, subset hyperref (HO)


(/usr/local/texlive/2015/texmf-dist/tex/generic/oberdiek/hobsub-generic.sty
Package: hobsub-generic 2012/05/28 v1.13 Bundle oberdiek, subset generic (HO)
Package: hobsub 2012/05/28 v1.13 Construct package bundles (HO)
Package hobsub Info: Skipping package `infwarerr' (already loaded).
Package hobsub Info: Skipping package `ltxcmds' (already loaded).
Package: ifluatex 2010/03/01 v1.3 Provides the ifluatex switch (HO)
Package ifluatex Info: LuaTeX not detected.
Package: ifvtex 2010/03/01 v1.5 Detect VTeX and its facilities (HO)
Package ifvtex Info: VTeX not detected.
Package: intcalc 2007/09/27 v1.1 Expandable calculations with integers (HO)
Package: ifpdf 2011/01/30 v2.3 Provides the ifpdf switch (HO)
Package ifpdf Info: pdfTeX in PDF mode is detected.
Package: etexcmds 2011/02/16 v1.5 Avoid name clashes with e-TeX commands (HO)
Package etexcmds Info: Could not find \expanded.
(etexcmds)             That can mean that you are not using pdfTeX 1.50 or
(etexcmds)             that some package has redefined \expanded.
(etexcmds)             In the latter case, load this package earlier.
Package: kvsetkeys 2012/04/25 v1.16 Key value parser (HO)
Package: kvdefinekeys 2011/04/07 v1.3 Define keys (HO)
Package: pdftexcmds 2011/11/29 v0.20 Utility functions of pdfTeX for LuaTeX (HO
)
Package pdftexcmds Info: LuaTeX not detected.
Package pdftexcmds Info: \pdf@primitive is available.
Package pdftexcmds Info: \pdf@ifprimitive is available.
Package pdftexcmds Info: \pdfdraftmode found.
Package: pdfescape 2011/11/25 v1.13 Implements pdfTeX's escape features (HO)
Package: bigintcalc 2012/04/08 v1.3 Expandable calculations on big integers (HO
)
Package: bitset 2011/01/30 v1.1 Handle bit-vector datatype (HO)
Package: uniquecounter 2011/01/30 v1.2 Provide unlimited unique counter (HO)
)
Package hobsub Info: Skipping package `hobsub' (already loaded).
Package: letltxmacro 2010/09/02 v1.4 Let assignment for LaTeX macros (HO)
Package: hopatch 2012/05/28 v1.2 Wrapper for package hooks (HO)
Package: xcolor-patch 2011/01/30 xcolor patch
Package: atveryend 2011/06/30 v1.8 Hooks at the very end of document (HO)
Package: atbegshi 2011/10/05 v1.16 At begin shipout hook (HO)
Package: refcount 2011/10/16 v3.4 Data extraction from label references (HO)
Package: hycolor 2011/01/30 v1.7 Color options for hyperref/bookmark (HO)
)
(/usr/local/texlive/2015/texmf-dist/tex/generic/ifxetex/ifxetex.sty
Package: ifxetex 2010/09/12 v0.6 Provides ifxetex conditional
)
(/usr/local/texlive/2015/texmf-dist/tex/latex/oberdiek/auxhook.sty
Package: auxhook 2011/03/04 v1.3 Hooks for auxiliary files (HO)
)
(/usr/local/texlive/2015/texmf-dist/tex/latex/oberdiek/kvoptions.sty
Package: kvoptions 2011/06/30 v3.11 Key value format for package options (HO)
)
\@linkdim=\dimen124
\Hy@linkcounter=\count112
\Hy@pagecounter=\count113

(/usr/local/texlive/2015/texmf-dist/tex/latex/hyperref/pd1enc.def
File: pd1enc.def 2012/11/06 v6.83m Hyperref: PDFDocEncoding definition (HO)
)
\Hy@SavedSpaceFactor=\count114

(/usr/local/texlive/2015/texmf-dist/tex/latex/latexconfig/hyperref.cfg
File: hyperref.cfg 2002/06/06 v1.2 hyperref configuration of TeXLive
)
Package hyperref Info: Option `colorlinks' set `true' on input line 4319.
Package hyperref Info: Hyper figures OFF on input line 4443.
Package hyperref Info: Link nesting OFF on input line 4448.
Package hyperref Info: Hyper index ON on input line 4451.
Package hyperref Info: Plain pages OFF on input line 4458.
Package hyperref Info: Backreferencing OFF on input line 4463.
Package hyperref Info: Implicit mode ON; LaTeX internals redefined.
Package hyperref Info: Bookmarks ON on input line 4688.
\c@Hy@tempcnt=\count115
LaTeX Info: Redefining \url on input line 5041.
\XeTeXLinkMargin=\dimen125
\Fld@menulength=\count116
\Field@Width=\dimen126
\Fld@charsize=\dimen127
Package hyperref Info: Hyper figures OFF on input line 6295.
Package hyperref Info: Link nesting OFF on input line 6300.
Package hyperref Info: Hyper index ON on input line 6303.
Package hyperref Info: backreferencing OFF on input line 6310.
Package hyperref Info: Link coloring ON on input line 6313.
Package hyperref Info: Link coloring with OCG OFF on input line 6320.
Package hyperref Info: PDF/A mode OFF on input line 6325.
LaTeX Info: Redefining \ref on input line 6365.
LaTeX Info: Redefining \pageref on input line 6369.
\Hy@abspage=\count117
\c@Item=\count118
\c@Hfootnote=\count119
)

Package hyperref Message: Driver (autodetected): hpdftex.

(/usr/local/texlive/2015/texmf-dist/tex/latex/hyperref/hpdftex.def
File: hpdftex.def 2012/11/06 v6.83m Hyperref driver for pdfTeX
\Fld@listcount=\count120
\c@bookmark@seq@number=\count121

(/usr/local/texlive/2015/texmf-dist/tex/latex/oberdiek/rerunfilecheck.sty
Package: rerunfilecheck 2011/04/15 v1.7 Rerun checks for auxiliary files (HO)
Package uniquecounter Info: New unique counter `rerunfilecheck' on input line 2
82.
)
\Hy@SectionHShift=\skip52
)

LaTeX Warning: Unused global option(s):
    [hyperref=pdftex].

(./gut_reps.aux)
\openout1 = `gut_reps.aux'.

LaTeX Font Info:    Checking defaults for OML/cmm/m/it on input line 18.
LaTeX Font Info:    ... okay on input line 18.
LaTeX Font Info:    Checking defaults for T1/cmr/m/n on input line 18.
LaTeX Font Info:    ... okay on input line 18.
LaTeX Font Info:    Checking defaults for OT1/cmr/m/n on input line 18.
LaTeX Font Info:    ... okay on input line 18.
LaTeX Font Info:    Checking defaults for OMS/cmsy/m/n on input line 18.
LaTeX Font Info:    ... okay on input line 18.
LaTeX Font Info:    Checking defaults for OMX/cmex/m/n on input line 18.
LaTeX Font Info:    ... okay on input line 18.
LaTeX Font Info:    Checking defaults for U/cmr/m/n on input line 18.
LaTeX Font Info:    ... okay on input line 18.
LaTeX Font Info:    Checking defaults for PD1/pdf/m/n on input line 18.
LaTeX Font Info:    ... okay on input line 18.
Class revtex4 Info: Patching LaTeX tabular. on input line 18.
Class revtex4 Info: Patching unrecognized longtable package. (Proceeding with f
ingers crossed) on input line 18.
Class revtex4 Info: cite was not loaded (OK!) on input line 18.
Class revtex4 Info: multicol was not loaded (OK!) on input line 18.

(/usr/local/texlive/2015/texmf-dist/tex/context/base/supp-pdf.mkii
[Loading MPS to PDF converter (version 2006.09.02).]
\scratchcounter=\count122
\scratchdimen=\dimen128
\scratchbox=\box40
\nofMPsegments=\count123
\nofMParguments=\count124
\everyMPshowfont=\toks26
\MPscratchCnt=\count125
\MPscratchDim=\dimen129
\MPnumerator=\count126
\makeMPintoPDFobject=\count127
\everyMPtoPDFconversion=\toks27
) (/usr/local/texlive/2015/texmf-dist/tex/latex/oberdiek/epstopdf-base.sty
Package: epstopdf-base 2010/02/09 v2.5 Base part for package epstopdf

(/usr/local/texlive/2015/texmf-dist/tex/latex/oberdiek/grfext.sty
Package: grfext 2010/08/19 v1.1 Manage graphics extensions (HO)
)
Package grfext Info: Graphics extension search list:
(grfext)             [.png,.pdf,.jpg,.mps,.jpeg,.jbig2,.jb2,.PNG,.PDF,.JPG,.JPE
G,.JBIG2,.JB2,.eps]
(grfext)             \AppendGraphicsExtensions on input line 452.

(/usr/local/texlive/2015/texmf-dist/tex/latex/latexconfig/epstopdf-sys.cfg
File: epstopdf-sys.cfg 2010/07/13 v1.3 Configuration of (r)epstopdf for TeX Liv
e
))
\AtBeginShipoutBox=\box41


Package hyperref Warning: Height of page (\paperheight) is invalid (0.0pt),
(hyperref)                using 11in.

Package hyperref Info: Link coloring ON on input line 18.
(/usr/local/texlive/2015/texmf-dist/tex/latex/hyperref/nameref.sty
Package: nameref 2012/10/27 v2.43 Cross-referencing by name of section

(/usr/local/texlive/2015/texmf-dist/tex/generic/oberdiek/gettitlestring.sty
Package: gettitlestring 2010/12/03 v1.4 Cleanup title references (HO)
)
\c@section@level=\count128
)
LaTeX Info: Redefining \ref on input line 18.
LaTeX Info: Redefining \pageref on input line 18.
LaTeX Info: Redefining \nameref on input line 18.

(./gut_reps.out) (./gut_reps.out)
\@outlinefile=\write3
\openout3 = `gut_reps.out'.

LaTeX Font Info:    Try loading font information for U+msa on input line 25.

(/usr/local/texlive/2015/texmf-dist/tex/latex/amsfonts/umsa.fd
File: umsa.fd 2013/01/14 v3.01 AMS symbols A
)
LaTeX Font Info:    Try loading font information for U+msb on input line 25.

(/usr/local/texlive/2015/texmf-dist/tex/latex/amsfonts/umsb.fd
File: umsb.fd 2013/01/14 v3.01 AMS symbols B
)
./gut_reps.tex:37: Extra alignment tab has been changed to \cr.
<recently read> \endtemplate 
                             
l.37 ...r{3},1,1/3)\bigoplus (1,2,-1/2)$ & 1 \\ &&
                                                  &\\
? s
OK, entering \scrollmode...
./gut_reps.tex:39: Extra alignment tab has been changed to \cr.
<recently read> \endtemplate 
                             
l.39 ...bar{3},1,-2/3)\bigoplus (1,1,1)$ & 3 \\ &&
                                                  &\\
You have given more \span or & marks than there were
in the preamble to the \halign or \valign now in progress.
So I'll assume that you meant to type \cr instead.

./gut_reps.tex:41: Extra alignment tab has been changed to \cr.
<recently read> \endtemplate 
                             
l.41 ...r{3},1,1/3)\bigoplus (1,2,-1/2)$ & 1 \\ &&
                                                  &\\
You have given more \span or & marks than there were
in the preamble to the \halign or \valign now in progress.
So I'll assume that you meant to type \cr instead.

./gut_reps.tex:43: Extra alignment tab has been changed to \cr.
<recently read> \endtemplate 
                             
l.43 ...bar{3},2,5/6)\bigoplus (1,3,0)$ & 10 \\ &&
                                                  &\\
You have given more \span or & marks than there were
in the preamble to the \halign or \valign now in progress.
So I'll assume that you meant to type \cr instead.

./gut_reps.tex:45: Extra alignment tab has been changed to \cr.
<recently read> \endtemplate 
                             
l.45 ...bar{3},2,5/6)\bigoplus (1,3,0)$ & 10 \\ &&
                                                  &\\
You have given more \span or & marks than there were
in the preamble to the \halign or \valign now in progress.
So I'll assume that you meant to type \cr instead.

./gut_reps.tex:47: Extra alignment tab has been changed to \cr.
<recently read> \endtemplate 
                             
l.47 ...\bar{6},1,2)\bigoplus (8,2,-3)$ & 24 \\ &&
                                                  &\\
You have given more \span or & marks than there were
in the preamble to the \halign or \valign now in progress.
So I'll assume that you meant to type \cr instead.

./gut_reps.tex:49: Extra alignment tab has been changed to \cr.
<recently read> \endtemplate 
                             
l.49 ...oplus (3,2,-1)\bigoplus (6,1,4)$ & 7 \\ &&
                                                  &\\
You have given more \span or & marks than there were
in the preamble to the \halign or \valign now in progress.
So I'll assume that you meant to type \cr instead.

./gut_reps.tex:51: Extra alignment tab has been changed to \cr.
<recently read> \endtemplate 
                             
l.51 ...bar{3},2,5/6)\bigoplus (1,3,0)$ & 10 \\ &&
                                                  &\\
You have given more \span or & marks than there were
in the preamble to the \halign or \valign now in progress.
So I'll assume that you meant to type \cr instead.

[1{/usr/local/texlive/2015/texmf-var/fonts/map/pdftex/updmap/pdftex.map}]
./gut_reps.tex:65: Extra }, or forgotten $.
\@xmultirow ...tirowsetup \hbox {\strut #5\strut }
                                                  \vfill }\else \setbox 0\vt...
l.65 \multirow{2}{*}$
                     \text{SO(10) Irrep} \rightarrow SU(5)\times U(1)$ Reps ...
I've deleted a group-closing symbol because it seems to be
spurious, as in `$x}$'. But perhaps the } is legitimate and
you forgot something else, as in `\hbox{$x}'. In such cases
the way to recover is to insert both the forgotten and the
deleted material, e.g., by typing `I$}'.

./gut_reps.tex:65: Missing $ inserted.
<inserted text> 
                $
l.65 \multirow{2}{*}$
                     \text{SO(10) Irrep} \rightarrow SU(5)\times U(1)$ Reps ...
I've inserted a begin-math/end-math symbol since I think
you left one out. Proceed, with fingers crossed.

./gut_reps.tex:65: Missing } inserted.
<inserted text> 
                }
l.65 \multirow{2}{*}$
                     \text{SO(10) Irrep} \rightarrow SU(5)\times U(1)$ Reps ...
I've inserted something that you may have forgotten.
(See the <inserted text> above.)
With luck, this will get me unwedged. But if you
really didn't forget anything, try typing `2' now; then
my insertion and my current dilemma will both disappear.

./gut_reps.tex:65: Missing $ inserted.
<inserted text> 
                $
l.65 ...irow{2}{*}$\text{SO(10) Irrep} \rightarrow
                                                   SU(5)\times U(1)$ Reps & ...
I've inserted a begin-math/end-math symbol since I think
you left one out. Proceed, with fingers crossed.

./gut_reps.tex:66: Extra alignment tab has been changed to \cr.
<recently read> \endtemplate 
                             
l.66 ...times SU(2)_{L}\times SU(2)_{R}$ reps\\ &&
                                                  &\\
You have given more \span or & marks than there were
in the preamble to the \halign or \valign now in progress.
So I'll assume that you meant to type \cr instead.

./gut_reps.tex:68: Extra }, or forgotten $.
\@xmultirow ...tirowsetup \hbox {\strut #5\strut }
                                                  \vfill }\else \setbox 0\vt...
l.68 \multirow{2}{*}$
                     16_{F}\rightarrow (1,-5)\bigoplus (\bar{5},3)\bigoplus ...
I've deleted a group-closing symbol because it seems to be
spurious, as in `$x}$'. But perhaps the } is legitimate and
you forgot something else, as in `\hbox{$x}'. In such cases
the way to recover is to insert both the forgotten and the
deleted material, e.g., by typing `I$}'.

./gut_reps.tex:68: Missing $ inserted.
<inserted text> 
                $
l.68 \multirow{2}{*}$
                     16_{F}\rightarrow (1,-5)\bigoplus (\bar{5},3)\bigoplus ...
I've inserted a begin-math/end-math symbol since I think
you left one out. Proceed, with fingers crossed.

./gut_reps.tex:68: Missing } inserted.
<inserted text> 
                }
l.68 \multirow{2}{*}$
                     16_{F}\rightarrow (1,-5)\bigoplus (\bar{5},3)\bigoplus ...
I've inserted something that you may have forgotten.
(See the <inserted text> above.)
With luck, this will get me unwedged. But if you
really didn't forget anything, try typing `2' now; then
my insertion and my current dilemma will both disappear.

./gut_reps.tex:68: Missing $ inserted.
<inserted text> 
                $
l.68 \multirow{2}{*}$16_
                        {F}\rightarrow (1,-5)\bigoplus (\bar{5},3)\bigoplus ...
I've inserted a begin-math/end-math symbol since I think
you left one out. Proceed, with fingers crossed.

./gut_reps.tex:69: Extra alignment tab has been changed to \cr.
<recently read> \endtemplate 
                             
l.69 ...rrow (4,2,1)\bigoplus (\bar{4},1,2)$ \\ &&
                                                  &\\
You have given more \span or & marks than there were
in the preamble to the \halign or \valign now in progress.
So I'll assume that you meant to type \cr instead.

./gut_reps.tex:71: Extra }, or forgotten $.
\@xmultirow ...tirowsetup \hbox {\strut #5\strut }
                                                  \vfill }\else \setbox 0\vt...
l.71 \multirow{2}{*}$
                     10_{H}\rightarrow (5,2)\bigoplus (\bar{5},-2)$&{10}\\
I've deleted a group-closing symbol because it seems to be
spurious, as in `$x}$'. But perhaps the } is legitimate and
you forgot something else, as in `\hbox{$x}'. In such cases
the way to recover is to insert both the forgotten and the
deleted material, e.g., by typing `I$}'.

./gut_reps.tex:71: Missing $ inserted.
<inserted text> 
                $
l.71 \multirow{2}{*}$
                     10_{H}\rightarrow (5,2)\bigoplus (\bar{5},-2)$&{10}\\
I've inserted a begin-math/end-math symbol since I think
you left one out. Proceed, with fingers crossed.

./gut_reps.tex:71: Missing } inserted.
<inserted text> 
                }
l.71 \multirow{2}{*}$
                     10_{H}\rightarrow (5,2)\bigoplus (\bar{5},-2)$&{10}\\
I've inserted something that you may have forgotten.
(See the <inserted text> above.)
With luck, this will get me unwedged. But if you
really didn't forget anything, try typing `2' now; then
my insertion and my current dilemma will both disappear.

./gut_reps.tex:71: Missing $ inserted.
<inserted text> 
                $
l.71 \multirow{2}{*}$10_
                        {H}\rightarrow (5,2)\bigoplus (\bar{5},-2)$&{10}\\
I've inserted a begin-math/end-math symbol since I think
you left one out. Proceed, with fingers crossed.

./gut_reps.tex:72: Extra alignment tab has been changed to \cr.
<recently read> \endtemplate 
                             
l.72 $\rightarrow (1,2,2)\bigoplus (6,1,1)$ \\ &&
                                                 &\\
You have given more \span or & marks than there were
in the preamble to the \halign or \valign now in progress.
So I'll assume that you meant to type \cr instead.

./gut_reps.tex:74: Extra }, or forgotten $.
\@xmultirow ...tirowsetup \hbox {\strut #5\strut }
                                                  \vfill }\else \setbox 0\vt...
l.74 \multirow{2}{*}$
                     120_{H}\rightarrow (5,2)\bigoplus (\bar{5},-2)\bigoplus...
I've deleted a group-closing symbol because it seems to be
spurious, as in `$x}$'. But perhaps the } is legitimate and
you forgot something else, as in `\hbox{$x}'. In such cases
the way to recover is to insert both the forgotten and the
deleted material, e.g., by typing `I$}'.

./gut_reps.tex:74: Missing $ inserted.
<inserted text> 
                $
l.74 \multirow{2}{*}$
                     120_{H}\rightarrow (5,2)\bigoplus (\bar{5},-2)\bigoplus...
I've inserted a begin-math/end-math symbol since I think
you left one out. Proceed, with fingers crossed.

./gut_reps.tex:74: Missing } inserted.
<inserted text> 
                }
l.74 \multirow{2}{*}$
                     120_{H}\rightarrow (5,2)\bigoplus (\bar{5},-2)\bigoplus...
I've inserted something that you may have forgotten.
(See the <inserted text> above.)
With luck, this will get me unwedged. But if you
really didn't forget anything, try typing `2' now; then
my insertion and my current dilemma will both disappear.

./gut_reps.tex:74: Missing $ inserted.
<inserted text> 
                $
l.74 \multirow{2}{*}$120_
                         {H}\rightarrow (5,2)\bigoplus (\bar{5},-2)\bigoplus...
I've inserted a begin-math/end-math symbol since I think
you left one out. Proceed, with fingers crossed.

./gut_reps.tex:75: Extra alignment tab has been changed to \cr.
<recently read> \endtemplate 
                             
l.75 ...lus(\bar{10},1,1)\bigoplus (15,2,2)$ \\ &&
                                                  &\\
You have given more \span or & marks than there were
in the preamble to the \halign or \valign now in progress.
So I'll assume that you meant to type \cr instead.

./gut_reps.tex:77: Extra }, or forgotten $.
\@xmultirow ...tirowsetup \hbox {\strut #5\strut }
                                                  \vfill }\else \setbox 0\vt...
l.77 \multirow{2}{*}$
                     126_{H}\rightarrow (1,10)\bigoplus (5,2)\bigoplus (\bar...
I've deleted a group-closing symbol because it seems to be
spurious, as in `$x}$'. But perhaps the } is legitimate and
you forgot something else, as in `\hbox{$x}'. In such cases
the way to recover is to insert both the forgotten and the
deleted material, e.g., by typing `I$}'.

./gut_reps.tex:77: Missing $ inserted.
<inserted text> 
                $
l.77 \multirow{2}{*}$
                     126_{H}\rightarrow (1,10)\bigoplus (5,2)\bigoplus (\bar...
I've inserted a begin-math/end-math symbol since I think
you left one out. Proceed, with fingers crossed.

./gut_reps.tex:77: Missing } inserted.
<inserted text> 
                }
l.77 \multirow{2}{*}$
                     126_{H}\rightarrow (1,10)\bigoplus (5,2)\bigoplus (\bar...
I've inserted something that you may have forgotten.
(See the <inserted text> above.)
With luck, this will get me unwedged. But if you
really didn't forget anything, try typing `2' now; then
my insertion and my current dilemma will both disappear.

./gut_reps.tex:77: Missing $ inserted.
<inserted text> 
                $
l.77 \multirow{2}{*}$126_
                         {H}\rightarrow (1,10)\bigoplus (5,2)\bigoplus (\bar...
I've inserted a begin-math/end-math symbol since I think
you left one out. Proceed, with fingers crossed.

./gut_reps.tex:78: Extra alignment tab has been changed to \cr.
<recently read> \endtemplate 
                             
l.78 ...bigoplus (10,1,3)\bigoplus (15,2,2)$ \\ &&
                                                  &\\
You have given more \span or & marks than there were
in the preamble to the \halign or \valign now in progress.
So I'll assume that you meant to type \cr instead.

./gut_reps.tex:79: Undefined control sequence.
<recently read> \hlines 
                        
l.79 \hlines
            
The control sequence at the end of the top line
of your error message was never \def'ed. If you have
misspelled it (e.g., `\hobx'), type `I' and the correct
spelling (e.g., `I\hbox'). Otherwise just continue,
and I'll forget about whatever was undefined.

./gut_reps.tex:81: Extra }, or forgotten $.
\@xmultirow ...tirowsetup \hbox {\strut #5\strut }
                                                  \vfill }\else \setbox 0\vt...
l.81 \multirow{2}{*}$
                     ^{*}54_{H}\rightarrow (15,4)\bigoplus (\bar{15},-4)\big...
I've deleted a group-closing symbol because it seems to be
spurious, as in `$x}$'. But perhaps the } is legitimate and
you forgot something else, as in `\hbox{$x}'. In such cases
the way to recover is to insert both the forgotten and the
deleted material, e.g., by typing `I$}'.

./gut_reps.tex:81: Missing $ inserted.
<inserted text> 
                $
l.81 \multirow{2}{*}$
                     ^{*}54_{H}\rightarrow (15,4)\bigoplus (\bar{15},-4)\big...
I've inserted a begin-math/end-math symbol since I think
you left one out. Proceed, with fingers crossed.

./gut_reps.tex:81: Missing } inserted.
<inserted text> 
                }
l.81 \multirow{2}{*}$
                     ^{*}54_{H}\rightarrow (15,4)\bigoplus (\bar{15},-4)\big...
I've inserted something that you may have forgotten.
(See the <inserted text> above.)
With luck, this will get me unwedged. But if you
really didn't forget anything, try typing `2' now; then
my insertion and my current dilemma will both disappear.

./gut_reps.tex:81: Missing $ inserted.
<inserted text> 
                $
l.81 \multirow{2}{*}$^
                      {*}54_{H}\rightarrow (15,4)\bigoplus (\bar{15},-4)\big...
I've inserted a begin-math/end-math symbol since I think
you left one out. Proceed, with fingers crossed.

./gut_reps.tex:82: Extra alignment tab has been changed to \cr.
<recently read> \endtemplate 
                             
l.82 ...bigoplus (6,2,2)\bigoplus (20',1,1)$ \\ &&
                                                  &\\
You have given more \span or & marks than there were
in the preamble to the \halign or \valign now in progress.
So I'll assume that you meant to type \cr instead.

./gut_reps.tex:84: Extra }, or forgotten $.
\@xmultirow ...tirowsetup \hbox {\strut #5\strut }
                                                  \vfill }\else \setbox 0\vt...
l.84 \multirow{2}{*}$
                     ^{*}45_{H}\rightarrow (1,0)\bigoplus (10,4)\bigoplus (\...
I've deleted a group-closing symbol because it seems to be
spurious, as in `$x}$'. But perhaps the } is legitimate and
you forgot something else, as in `\hbox{$x}'. In such cases
the way to recover is to insert both the forgotten and the
deleted material, e.g., by typing `I$}'.

./gut_reps.tex:84: Missing $ inserted.
<inserted text> 
                $
l.84 \multirow{2}{*}$
                     ^{*}45_{H}\rightarrow (1,0)\bigoplus (10,4)\bigoplus (\...
I've inserted a begin-math/end-math symbol since I think
you left one out. Proceed, with fingers crossed.

./gut_reps.tex:84: Missing } inserted.
<inserted text> 
                }
l.84 \multirow{2}{*}$
                     ^{*}45_{H}\rightarrow (1,0)\bigoplus (10,4)\bigoplus (\...
I've inserted something that you may have forgotten.
(See the <inserted text> above.)
With luck, this will get me unwedged. But if you
really didn't forget anything, try typing `2' now; then
my insertion and my current dilemma will both disappear.

./gut_reps.tex:84: Missing $ inserted.
<inserted text> 
                $
l.84 \multirow{2}{*}$^
                      {*}45_{H}\rightarrow (1,0)\bigoplus (10,4)\bigoplus (\...
I've inserted a begin-math/end-math symbol since I think
you left one out. Proceed, with fingers crossed.

./gut_reps.tex:85: Extra alignment tab has been changed to \cr.
<recently read> \endtemplate 
                             
l.85 ...\bigoplus (6,2,2)\bigoplus (15,1,1)$ \\ &&
                                                  &\\
You have given more \span or & marks than there were
in the preamble to the \halign or \valign now in progress.
So I'll assume that you meant to type \cr instead.

./gut_reps.tex:87: Extra }, or forgotten $.
\@xmultirow ...tirowsetup \hbox {\strut #5\strut }
                                                  \vfill }\else \setbox 0\vt...
l.87 \multirow{2}{*}$
                     ^{*}210_{H}\rightarrow (1,0)\bigoplus (5,-8)\bigoplus (...
I've deleted a group-closing symbol because it seems to be
spurious, as in `$x}$'. But perhaps the } is legitimate and
you forgot something else, as in `\hbox{$x}'. In such cases
the way to recover is to insert both the forgotten and the
deleted material, e.g., by typing `I$}'.

./gut_reps.tex:87: Missing $ inserted.
<inserted text> 
                $
l.87 \multirow{2}{*}$
                     ^{*}210_{H}\rightarrow (1,0)\bigoplus (5,-8)\bigoplus (...
I've inserted a begin-math/end-math symbol since I think
you left one out. Proceed, with fingers crossed.

./gut_reps.tex:87: Missing } inserted.
<inserted text> 
                }
l.87 \multirow{2}{*}$
                     ^{*}210_{H}\rightarrow (1,0)\bigoplus (5,-8)\bigoplus (...
I've inserted something that you may have forgotten.
(See the <inserted text> above.)
With luck, this will get me unwedged. But if you
really didn't forget anything, try typing `2' now; then
my insertion and my current dilemma will both disappear.

./gut_reps.tex:87: Missing $ inserted.
<inserted text> 
                $
l.87 \multirow{2}{*}$^
                      {*}210_{H}\rightarrow (1,0)\bigoplus (5,-8)\bigoplus (...
I've inserted a begin-math/end-math symbol since I think
you left one out. Proceed, with fingers crossed.

./gut_reps.tex:88: Extra alignment tab has been changed to \cr.
<recently read> \endtemplate 
                             
l.88 ...bigoplus (15,3,1)\bigoplus (15,1,3)$ \\ &&
                                                  &\\
You have given more \span or & marks than there were
in the preamble to the \halign or \valign now in progress.
So I'll assume that you meant to type \cr instead.

./gut_reps.tex:95: Double subscript.
l.95 ...he Dynkin index of each $R_{\text{SU(3)}}_
                                                  {i}$, weighted by the dime...
I treat `x_1_2' essentially like `x_1{}_2'.

./gut_reps.tex:95: Double subscript.
l.95 ...by the dimension of $R_{SU(2)_{\text{L}}}_
                                                  {i}$, so in other words ta...
I treat `x_1_2' essentially like `x_1{}_2'.

./gut_reps.tex:95: Double subscript.
l.95 ...e the sum: $\Sigma_{i} I(R_{\text{SU(3)}}_
                                                  {i})D(R_{SU(2)_{\text{L}}}...
I treat `x_1_2' essentially like `x_1{}_2'.

./gut_reps.tex:95: Double subscript.
l.95 ...{\text{SU(3)}}_{i})D(R_{SU(2)_{\text{L}}}_
                                                  {i})$ we find that this eq...
I treat `x_1_2' essentially like `x_1{}_2'.

./gut_reps.tex:95: Double subscript.
l.95 ...SU(3) rep ($\Sigma_{i} I(R_{\text{SU(2)}}_
                                                  {i})D(R_{SU(3)}}_{i})$ we ...
I treat `x_1_2' essentially like `x_1{}_2'.

./gut_reps.tex:95: Extra }, or forgotten $.
l.95 ...ma_{i} I(R_{\text{SU(2)}}_{i})D(R_{SU(3)}}
                                                  _{i})$ we also get 3.
I've deleted a group-closing symbol because it seems to be
spurious, as in `$x}$'. But perhaps the } is legitimate and
you forgot something else, as in `\hbox{$x}'. In such cases
the way to recover is to insert both the forgotten and the
deleted material, e.g., by typing `I$}'.

./gut_reps.tex:95: Double subscript.
l.95 ...a_{i} I(R_{\text{SU(2)}}_{i})D(R_{SU(3)}}_
                                                  {i})$ we also get 3.
I treat `x_1_2' essentially like `x_1{}_2'.

[2]
./gut_reps.tex:98: Missing $ inserted.
<inserted text> 
                $
l.98 
     
I've inserted a begin-math/end-math symbol since I think
you left one out. Proceed, with fingers crossed.

Package atveryend Info: Empty hook `BeforeClearDocument' on input line 111.
[3]
Package atveryend Info: Empty hook `AfterLastShipout' on input line 111.
 (./gut_reps.aux)
Package atveryend Info: Executing hook `AtVeryEndDocument' on input line 111.
Package atveryend Info: Executing hook `AtEndAfterFileList' on input line 111.
Package rerunfilecheck Info: File `gut_reps.out' has not changed.
(rerunfilecheck)             Checksum: 22FE8FCC1866A2F96C060D6CEC3D9BD4;153.
 ) 
Here is how much of TeX's memory you used:
 8052 strings out of 493089
 112752 string characters out of 6134842
 235119 words of memory out of 5000000
 11416 multiletter control sequences out of 15000+600000
 14602 words of font info for 54 fonts, out of 8000000 for 9000
 1141 hyphenation exceptions out of 8191
 36i,10n,28p,1097b,344s stack positions out of 5000i,500n,10000p,200000b,80000s
</usr/local/texlive/2015/texmf-dist/fonts/type1/public/amsfonts/cm/cmbx10.pfb
></usr/local/texlive/2015/texmf-dist/fonts/type1/public/amsfonts/cm/cmbx9.pfb><
/usr/local/texlive/2015/texmf-dist/fonts/type1/public/amsfonts/cm/cmex10.pfb></
usr/local/texlive/2015/texmf-dist/fonts/type1/public/amsfonts/cm/cmmi10.pfb></u
sr/local/texlive/2015/texmf-dist/fonts/type1/public/amsfonts/cm/cmmi5.pfb></usr
/local/texlive/2015/texmf-dist/fonts/type1/public/amsfonts/cm/cmmi7.pfb></usr/l
ocal/texlive/2015/texmf-dist/fonts/type1/public/amsfonts/cm/cmr10.pfb></usr/loc
al/texlive/2015/texmf-dist/fonts/type1/public/amsfonts/cm/cmr5.pfb></usr/local/
texlive/2015/texmf-dist/fonts/type1/public/amsfonts/cm/cmr7.pfb></usr/local/tex
live/2015/texmf-dist/fonts/type1/public/amsfonts/cm/cmr8.pfb></usr/local/texliv
e/2015/texmf-dist/fonts/type1/public/amsfonts/cm/cmr9.pfb></usr/local/texlive/2
015/texmf-dist/fonts/type1/public/amsfonts/cm/cmsy10.pfb></usr/local/texlive/20
15/texmf-dist/fonts/type1/public/amsfonts/cm/cmsy6.pfb></usr/local/texlive/2015
/texmf-dist/fonts/type1/public/amsfonts/cm/cmsy7.pfb></usr/local/texlive/2015/t
exmf-dist/fonts/type1/public/amsfonts/cm/cmti9.pfb>
Output written on gut_reps.pdf (3 pages, 160941 bytes).
PDF statistics:
 99 PDF objects out of 1000 (max. 8388607)
 78 compressed objects within 1 object stream
 8 named destinations out of 1000 (max. 500000)
 25 words of extra memory for PDF output out of 10000 (max. 10000000)

