This is pdfTeX, Version 3.14159265-2.6-1.40.16 (TeX Live 2015) (preloaded format=pdflatex 2015.5.24)  1 MAY 2018 13:42
entering extended mode
 restricted \write18 enabled.
 file:line:error style messages enabled.
 %&-line parsing enabled.
**"Proton Decay Searches.tex"
(./Proton Decay Searches.tex
LaTeX2e <2015/01/01>
Babel <3.9l> and hyphenation patterns for 79 languages loaded.
(/usr/local/texlive/2015/texmf-dist/tex/latex/revtex4/revtex4.cls
Document Class: revtex4 2001/08/02 v4.0 (http://publish.aps.org/revtex4/ for do
cumentation)
 Copyright (c) 2001 The American Physical Society.
 mailto:revtex@aps.org
 Licensed under the LPPL:
http://www.ctan.org/tex-archive/macros/latex/base/lppl.txt
 Arthur Ogawa <ogawa@teleport.com>
 Based on work by David Carlisle <david@dcarlisle.demon.co.uk>.
ltxutil: portions licensed from W. E. Baxter (web@superscript.com)
Class revtex4 Info: Repairing broken LateX \@sect on input line 596.
\intertabularlinepenalty=\count79
\@tbpen=\count80
\@arstrutbox@hline=\box26
Class revtex4 Info: Repairing broken LaTeX \@xbitor on input line 1610.
ltxgrid: portions licensed from W. E. Baxter (web@superscript.com)
\c@linecount=\count81
\output=\toks14
\@protection@box=\box27
\@topmark@saved=\toks15
\footins@saved=\box28
\pagesofar=\box29
\footbox=\box30
\pagegrid@col=\count82
Class revtex4 Info: Incorporating package {textcase}  [1998/11/12 v0.06 Text on
ly upper/lower case changing (DPC)]. on input line 3682.
(/usr/local/texlive/2015/texmf-dist/tex/latex/url/url.sty
\Urlmuskip=\muskip10
Package: url 2013/09/16  ver 3.4  Verb mode for urls, etc.
)
\c@affil=\count83
\absbox=\box31
\c@part=\count84
\c@section=\count85
\c@subsection=\count86
\c@subsubsection=\count87
\c@paragraph=\count88
\c@subparagraph=\count89
\abovecaptionskip=\skip41
\belowcaptionskip=\skip42
\c@figure=\count90
\c@table=\count91

(/usr/local/texlive/2015/texmf-dist/tex/latex/natbib/natbib.sty
Package: natbib 2010/09/13 8.31b (PWD, AO)
\bibhang=\skip43
\bibsep=\skip44
LaTeX Info: Redefining \cite on input line 694.
\c@NAT@ctr=\count92
)
\widetext@top=\box32
\widetext@bot=\box33

(/usr/local/texlive/2015/texmf-dist/tex/latex/revtex4/revsymb.sty
Package: revsymb 2001/08/02 v4.0 (http://publish.aps.org/revtex4/ for documenta
tion)
LaTeX Info: Redefining \REV@mathfrak on input line 118.
))
(/usr/local/texlive/2015/texmf-dist/tex/latex/amsfonts/amssymb.sty
Package: amssymb 2013/01/14 v3.01 AMS font symbols

(/usr/local/texlive/2015/texmf-dist/tex/latex/amsfonts/amsfonts.sty
Package: amsfonts 2013/01/14 v3.01 Basic AMSFonts support
\@emptytoks=\toks16
\symAMSa=\mathgroup4
\symAMSb=\mathgroup5
LaTeX Font Info:    Overwriting math alphabet `\mathfrak' in version `bold'
(Font)                  U/euf/m/n --> U/euf/b/n on input line 106.
LaTeX Info: Redefining \frak on input line 111.
LaTeX Info: Redefining \Bbb on input line 113.
))
(/usr/local/texlive/2015/texmf-dist/tex/latex/amsmath/amsmath.sty
Package: amsmath 2013/01/14 v2.14 AMS math features
\@mathmargin=\skip45

For additional information on amsmath, use the `?' option.
(/usr/local/texlive/2015/texmf-dist/tex/latex/amsmath/amstext.sty
Package: amstext 2000/06/29 v2.01

(/usr/local/texlive/2015/texmf-dist/tex/latex/amsmath/amsgen.sty
File: amsgen.sty 1999/11/30 v2.0
\@emptytoks=\toks17
\ex@=\dimen102
))
(/usr/local/texlive/2015/texmf-dist/tex/latex/amsmath/amsbsy.sty
Package: amsbsy 1999/11/29 v1.2d
\pmbraise@=\dimen103
)
(/usr/local/texlive/2015/texmf-dist/tex/latex/amsmath/amsopn.sty
Package: amsopn 1999/12/14 v2.01 operator names
)
\inf@bad=\count93
LaTeX Info: Redefining \frac on input line 210.
\uproot@=\count94
\leftroot@=\count95
LaTeX Info: Redefining \overline on input line 306.
\classnum@=\count96
\DOTSCASE@=\count97
LaTeX Info: Redefining \ldots on input line 378.
LaTeX Info: Redefining \dots on input line 381.
LaTeX Info: Redefining \cdots on input line 466.
\Mathstrutbox@=\box34
\strutbox@=\box35
\big@size=\dimen104
LaTeX Font Info:    Redeclaring font encoding OML on input line 566.
LaTeX Font Info:    Redeclaring font encoding OMS on input line 567.
\macc@depth=\count98
\c@MaxMatrixCols=\count99
\dotsspace@=\muskip11
\c@parentequation=\count100
\dspbrk@lvl=\count101
\tag@help=\toks18
\row@=\count102
\column@=\count103
\maxfields@=\count104
\andhelp@=\toks19
\eqnshift@=\dimen105
\alignsep@=\dimen106
\tagshift@=\dimen107
\tagwidth@=\dimen108
\totwidth@=\dimen109
\lineht@=\dimen110
\@envbody=\toks20
\multlinegap=\skip46
\multlinetaggap=\skip47
\mathdisplay@stack=\toks21
LaTeX Info: Redefining \[ on input line 2665.
LaTeX Info: Redefining \] on input line 2666.
)
(/usr/local/texlive/2015/texmf-dist/tex/latex/revtex4/aps.rtx
File: aps.rtx 2001/08/02 v4.0 (http://publish.aps.org/revtex4/ for documentatio
n)
)
(/usr/local/texlive/2015/texmf-dist/tex/latex/revtex4/10pt.rtx
File: 10pt.rtx 2001/08/02 v4.0 (http://publish.aps.org/revtex4/ for documentati
on)
)
(/usr/local/texlive/2015/texmf-dist/tex/latex/graphics/color.sty
Package: color 2014/10/28 v1.1a Standard LaTeX Color (DPC)

(/usr/local/texlive/2015/texmf-dist/tex/latex/latexconfig/color.cfg
File: color.cfg 2007/01/18 v1.5 color configuration of teTeX/TeXLive
)
Package color Info: Driver file: pdftex.def on input line 142.

(/usr/local/texlive/2015/texmf-dist/tex/latex/pdftex-def/pdftex.def
File: pdftex.def 2011/05/27 v0.06d Graphics/color for pdfTeX

(/usr/local/texlive/2015/texmf-dist/tex/generic/oberdiek/infwarerr.sty
Package: infwarerr 2010/04/08 v1.3 Providing info/warning/error messages (HO)
)
(/usr/local/texlive/2015/texmf-dist/tex/generic/oberdiek/ltxcmds.sty
Package: ltxcmds 2011/11/09 v1.22 LaTeX kernel commands for general use (HO)
)
\Gread@gobject=\count105
))
(/usr/local/texlive/2015/texmf-dist/tex/latex/graphics/graphics.sty
Package: graphics 2014/10/28 v1.0p Standard LaTeX Graphics (DPC,SPQR)

(/usr/local/texlive/2015/texmf-dist/tex/latex/graphics/trig.sty
Package: trig 1999/03/16 v1.09 sin cos tan (DPC)
)
(/usr/local/texlive/2015/texmf-dist/tex/latex/latexconfig/graphics.cfg
File: graphics.cfg 2010/04/23 v1.9 graphics configuration of TeX Live
)
Package graphics Info: Driver file: pdftex.def on input line 94.
)
(/usr/local/texlive/2015/texmf-dist/tex/latex/graphics/graphicx.sty
Package: graphicx 2014/10/28 v1.0g Enhanced LaTeX Graphics (DPC,SPQR)

(/usr/local/texlive/2015/texmf-dist/tex/latex/graphics/keyval.sty
Package: keyval 2014/10/28 v1.15 key=value parser (DPC)
\KV@toks@=\toks22
)
\Gin@req@height=\dimen111
\Gin@req@width=\dimen112
)
(/usr/local/texlive/2015/texmf-dist/tex/latex/tools/longtable.sty
Package: longtable 2014/10/28 v4.11 Multi-page Table package (DPC)
\LTleft=\skip48
\LTright=\skip49
\LTpre=\skip50
\LTpost=\skip51
\LTchunksize=\count106
\LTcapwidth=\dimen113
\LT@head=\box36
\LT@firsthead=\box37
\LT@foot=\box38
\LT@lastfoot=\box39
\LT@cols=\count107
\LT@rows=\count108
\c@LT@tables=\count109
\c@LT@chunks=\count110
\LT@p@ftn=\toks23
)
(/usr/local/texlive/2015/texmf-dist/tex/generic/epsf/epsf.sty
This is `epsf.tex' v2.7.4 <14 February 2011>
\epsffilein=\read1
\epsfframemargin=\dimen114
\epsfframethickness=\dimen115
\epsfrsize=\dimen116
\epsftmp=\dimen117
\epsftsize=\dimen118
\epsfxsize=\dimen119
\epsfysize=\dimen120
\pspoints=\dimen121
) (/usr/local/texlive/2015/texmf-dist/tex/latex/tools/bm.sty
Package: bm 2014/10/28 v1.1c Bold Symbol Support (DPC/FMi)
\symboldoperators=\mathgroup6
\symboldletters=\mathgroup7
\symboldsymbols=\mathgroup8
LaTeX Font Info:    Redeclaring math alphabet \mathbf on input line 141.
LaTeX Info: Redefining \bm on input line 207.
)
(/usr/local/texlive/2015/texmf-dist/tex/latex/tools/verbatim.sty
Package: verbatim 2014/10/28 v1.5q LaTeX2e package for verbatim enhancements
\every@verbatim=\toks24
\verbatim@line=\toks25
\verbatim@in@stream=\read2
)

./Proton Decay Searches.tex:13: LaTeX Error: Option clash for package graphicx.


See the LaTeX manual or LaTeX Companion for explanation.
Type  H <return>  for immediate help.
 ...                                              
                                                  
l.13 \usepackage
                {caption}
? s
OK, entering \scrollmode...
(/usr/local/texlive/2015/texmf-dist/tex/latex/caption/caption.sty
Package: caption 2013/05/02 v3.3-89 Customizing captions (AR)

(/usr/local/texlive/2015/texmf-dist/tex/latex/caption/caption3.sty
Package: caption3 2013/05/02 v1.6-88 caption3 kernel (AR)
Package caption3 Info: TeX engine: e-TeX on input line 57.
\captionmargin=\dimen122
\captionmargin@=\dimen123
\captionwidth=\dimen124
\caption@tempdima=\dimen125
\caption@indent=\dimen126
\caption@parindent=\dimen127
\caption@hangindent=\dimen128
Package caption Info: Unknown document class (or package),
(caption)             standard defaults will be used.
)

Package caption Warning: Unsupported document class (or package) detected,
(caption)                usage of the caption package is not recommended.
See the caption package documentation for explanation.

Package caption Info: \@makecaption = \long macro:#1#2->\par \vskip \abovecapti
onskip \begingroup \small \rmfamily \sbox \@tempboxa {\let \\\heading@cr #1: #2
}\@ifdim {\wd \@tempboxa >\hsize }{\begingroup \samepage \flushing \let \footno
te \@footnotemark@gobble #1: #2\par \endgroup }{\global \@minipagefalse \hb@xt@
 \hsize {\hfil \unhbox \@tempboxa \hfil }}\endgroup \vskip \belowcaptionskip .
\c@ContinuedFloat=\count111
Package caption Info: longtable package is loaded.
(/usr/local/texlive/2015/texmf-dist/tex/latex/caption/ltcaption.sty
Package: ltcaption 2013/02/03 v1.3-62 longtable captions (AR)
))
(/usr/local/texlive/2015/texmf-dist/tex/latex/caption/subcaption.sty
Package: subcaption 2013/02/03 v1.1-62 Sub-captions (AR)
\c@subfigure=\count112
\c@subtable=\count113
)
(/usr/local/texlive/2015/texmf-dist/tex/latex/hyperref/hyperref.sty
Package: hyperref 2012/11/06 v6.83m Hypertext links for LaTeX

(/usr/local/texlive/2015/texmf-dist/tex/generic/oberdiek/hobsub-hyperref.sty
Package: hobsub-hyperref 2012/05/28 v1.13 Bundle oberdiek, subset hyperref (HO)


(/usr/local/texlive/2015/texmf-dist/tex/generic/oberdiek/hobsub-generic.sty
Package: hobsub-generic 2012/05/28 v1.13 Bundle oberdiek, subset generic (HO)
Package: hobsub 2012/05/28 v1.13 Construct package bundles (HO)
Package hobsub Info: Skipping package `infwarerr' (already loaded).
Package hobsub Info: Skipping package `ltxcmds' (already loaded).
Package: ifluatex 2010/03/01 v1.3 Provides the ifluatex switch (HO)
Package ifluatex Info: LuaTeX not detected.
Package: ifvtex 2010/03/01 v1.5 Detect VTeX and its facilities (HO)
Package ifvtex Info: VTeX not detected.
Package: intcalc 2007/09/27 v1.1 Expandable calculations with integers (HO)
Package: ifpdf 2011/01/30 v2.3 Provides the ifpdf switch (HO)
Package ifpdf Info: pdfTeX in PDF mode is detected.
Package: etexcmds 2011/02/16 v1.5 Avoid name clashes with e-TeX commands (HO)
Package etexcmds Info: Could not find \expanded.
(etexcmds)             That can mean that you are not using pdfTeX 1.50 or
(etexcmds)             that some package has redefined \expanded.
(etexcmds)             In the latter case, load this package earlier.
Package: kvsetkeys 2012/04/25 v1.16 Key value parser (HO)
Package: kvdefinekeys 2011/04/07 v1.3 Define keys (HO)
Package: pdftexcmds 2011/11/29 v0.20 Utility functions of pdfTeX for LuaTeX (HO
)
Package pdftexcmds Info: LuaTeX not detected.
Package pdftexcmds Info: \pdf@primitive is available.
Package pdftexcmds Info: \pdf@ifprimitive is available.
Package pdftexcmds Info: \pdfdraftmode found.
Package: pdfescape 2011/11/25 v1.13 Implements pdfTeX's escape features (HO)
Package: bigintcalc 2012/04/08 v1.3 Expandable calculations on big integers (HO
)
Package: bitset 2011/01/30 v1.1 Handle bit-vector datatype (HO)
Package: uniquecounter 2011/01/30 v1.2 Provide unlimited unique counter (HO)
)
Package hobsub Info: Skipping package `hobsub' (already loaded).
Package: letltxmacro 2010/09/02 v1.4 Let assignment for LaTeX macros (HO)
Package: hopatch 2012/05/28 v1.2 Wrapper for package hooks (HO)
Package: xcolor-patch 2011/01/30 xcolor patch
Package: atveryend 2011/06/30 v1.8 Hooks at the very end of document (HO)
Package: atbegshi 2011/10/05 v1.16 At begin shipout hook (HO)
Package: refcount 2011/10/16 v3.4 Data extraction from label references (HO)
Package: hycolor 2011/01/30 v1.7 Color options for hyperref/bookmark (HO)
)
(/usr/local/texlive/2015/texmf-dist/tex/generic/ifxetex/ifxetex.sty
Package: ifxetex 2010/09/12 v0.6 Provides ifxetex conditional
)
(/usr/local/texlive/2015/texmf-dist/tex/latex/oberdiek/auxhook.sty
Package: auxhook 2011/03/04 v1.3 Hooks for auxiliary files (HO)
)
(/usr/local/texlive/2015/texmf-dist/tex/latex/oberdiek/kvoptions.sty
Package: kvoptions 2011/06/30 v3.11 Key value format for package options (HO)
)
\@linkdim=\dimen129
\Hy@linkcounter=\count114
\Hy@pagecounter=\count115

(/usr/local/texlive/2015/texmf-dist/tex/latex/hyperref/pd1enc.def
File: pd1enc.def 2012/11/06 v6.83m Hyperref: PDFDocEncoding definition (HO)
)
\Hy@SavedSpaceFactor=\count116

(/usr/local/texlive/2015/texmf-dist/tex/latex/latexconfig/hyperref.cfg
File: hyperref.cfg 2002/06/06 v1.2 hyperref configuration of TeXLive
)
Package hyperref Info: Option `colorlinks' set `true' on input line 4319.
Package hyperref Info: Hyper figures OFF on input line 4443.
Package hyperref Info: Link nesting OFF on input line 4448.
Package hyperref Info: Hyper index ON on input line 4451.
Package hyperref Info: Plain pages OFF on input line 4458.
Package hyperref Info: Backreferencing OFF on input line 4463.
Package hyperref Info: Implicit mode ON; LaTeX internals redefined.
Package hyperref Info: Bookmarks ON on input line 4688.
\c@Hy@tempcnt=\count117
LaTeX Info: Redefining \url on input line 5041.
\XeTeXLinkMargin=\dimen130
\Fld@menulength=\count118
\Field@Width=\dimen131
\Fld@charsize=\dimen132
Package hyperref Info: Hyper figures OFF on input line 6295.
Package hyperref Info: Link nesting OFF on input line 6300.
Package hyperref Info: Hyper index ON on input line 6303.
Package hyperref Info: backreferencing OFF on input line 6310.
Package hyperref Info: Link coloring ON on input line 6313.
Package hyperref Info: Link coloring with OCG OFF on input line 6320.
Package hyperref Info: PDF/A mode OFF on input line 6325.
LaTeX Info: Redefining \ref on input line 6365.
LaTeX Info: Redefining \pageref on input line 6369.
\Hy@abspage=\count119
\c@Item=\count120
\c@Hfootnote=\count121
)

Package hyperref Message: Driver (autodetected): hpdftex.

(/usr/local/texlive/2015/texmf-dist/tex/latex/hyperref/hpdftex.def
File: hpdftex.def 2012/11/06 v6.83m Hyperref driver for pdfTeX
\Fld@listcount=\count122
\c@bookmark@seq@number=\count123

(/usr/local/texlive/2015/texmf-dist/tex/latex/oberdiek/rerunfilecheck.sty
Package: rerunfilecheck 2011/04/15 v1.7 Rerun checks for auxiliary files (HO)
Package uniquecounter Info: New unique counter `rerunfilecheck' on input line 2
82.
)
\Hy@SectionHShift=\skip52
)

LaTeX Warning: Unused global option(s):
    [hyperref=pdftex].

(./Proton Decay Searches.aux

LaTeX Warning: Label `default' multiply defined.


LaTeX Warning: Label `default' multiply defined.


LaTeX Warning: Label `default' multiply defined.


LaTeX Warning: Label `default' multiply defined.


LaTeX Warning: Label `default' multiply defined.

)
\openout1 = `"Proton Decay Searches.aux"'.

LaTeX Font Info:    Checking defaults for OML/cmm/m/it on input line 18.
LaTeX Font Info:    ... okay on input line 18.
LaTeX Font Info:    Checking defaults for T1/cmr/m/n on input line 18.
LaTeX Font Info:    ... okay on input line 18.
LaTeX Font Info:    Checking defaults for OT1/cmr/m/n on input line 18.
LaTeX Font Info:    ... okay on input line 18.
LaTeX Font Info:    Checking defaults for OMS/cmsy/m/n on input line 18.
LaTeX Font Info:    ... okay on input line 18.
LaTeX Font Info:    Checking defaults for OMX/cmex/m/n on input line 18.
LaTeX Font Info:    ... okay on input line 18.
LaTeX Font Info:    Checking defaults for U/cmr/m/n on input line 18.
LaTeX Font Info:    ... okay on input line 18.
LaTeX Font Info:    Checking defaults for PD1/pdf/m/n on input line 18.
LaTeX Font Info:    ... okay on input line 18.
Class revtex4 Info: Patching LaTeX tabular. on input line 18.
Class revtex4 Info: Patching unrecognized longtable package. (Proceeding with f
ingers crossed) on input line 18.


./Proton Decay Searches.tex:18: LaTeX Error: Command \longtable* already define
d.
               Or name \end... illegal, see p.192 of the manual.

See the LaTeX manual or LaTeX Companion for explanation.
Type  H <return>  for immediate help.
 ...                                              
                                                  
l.18 \begin{document}
                     
Your command was ignored.
Type  I <command> <return>  to replace it with another command,
or  <return>  to continue without it.

Class revtex4 Info: cite was not loaded (OK!) on input line 18.
Class revtex4 Info: multicol was not loaded (OK!) on input line 18.
(/usr/local/texlive/2015/texmf-dist/tex/context/base/supp-pdf.mkii
[Loading MPS to PDF converter (version 2006.09.02).]
\scratchcounter=\count124
\scratchdimen=\dimen133
\scratchbox=\box40
\nofMPsegments=\count125
\nofMParguments=\count126
\everyMPshowfont=\toks26
\MPscratchCnt=\count127
\MPscratchDim=\dimen134
\MPnumerator=\count128
\makeMPintoPDFobject=\count129
\everyMPtoPDFconversion=\toks27
) (/usr/local/texlive/2015/texmf-dist/tex/latex/oberdiek/epstopdf-base.sty
Package: epstopdf-base 2010/02/09 v2.5 Base part for package epstopdf

(/usr/local/texlive/2015/texmf-dist/tex/latex/oberdiek/grfext.sty
Package: grfext 2010/08/19 v1.1 Manage graphics extensions (HO)
)
Package grfext Info: Graphics extension search list:
(grfext)             [.png,.pdf,.jpg,.mps,.jpeg,.jbig2,.jb2,.PNG,.PDF,.JPG,.JPE
G,.JBIG2,.JB2,.eps]
(grfext)             \AppendGraphicsExtensions on input line 452.

(/usr/local/texlive/2015/texmf-dist/tex/latex/latexconfig/epstopdf-sys.cfg
File: epstopdf-sys.cfg 2010/07/13 v1.3 Configuration of (r)epstopdf for TeX Liv
e
))
Package caption Info: Begin \AtBeginDocument code.
Package caption Info: Incompatible package detected (regarding \caption).
(caption)             \caption = macro:->\minipagefootnote@here \ifx \@captype 
\@undefined \@latex@error {\noexpand \caption outside float}\@ehd \expandafter 
\@gobble \else \H@refstepcounter \@captype \let \Hy@tempa \@caption \@ifundefin
ed {float@caption}{}{\expandafter \ifx \csname @float@c@\@captype \endcsname \f
loat@caption \let \Hy@tempa \Hy@float@caption \fi }\expandafter \@firstofone \f
i {\@dblarg {\Hy@tempa \@captype }}.


Package caption Warning: \caption will not be redefined since it's already
(caption)                redefined by a document class or package which is
(caption)                unknown to the caption package.
See the caption package documentation for explanation.

Package caption Info: hyperref package is loaded.

./Proton Decay Searches.tex:18: Package caption Error: The `subcaption' package
 does not work correctly
(caption)                in compatibility mode.

See the caption package documentation for explanation.
Type  H <return>  for immediate help.
 ...                                              
                                                  
l.18 \begin{document}
                     
If you do not understand this error, please take a closer look
at the documentation of the `caption' package, especially the
section about errors.
Try typing  <return>  to proceed.
If that doesn't work, type  X <return>  to quit.

Package caption Info: End \AtBeginDocument code.
\AtBeginShipoutBox=\box41

Package hyperref Warning: Height of page (\paperheight) is invalid (0.0pt),
(hyperref)                using 11in.

Package hyperref Info: Link coloring ON on input line 18.
(/usr/local/texlive/2015/texmf-dist/tex/latex/hyperref/nameref.sty
Package: nameref 2012/10/27 v2.43 Cross-referencing by name of section

(/usr/local/texlive/2015/texmf-dist/tex/generic/oberdiek/gettitlestring.sty
Package: gettitlestring 2010/12/03 v1.4 Cleanup title references (HO)
)
\c@section@level=\count130
)
LaTeX Info: Redefining \ref on input line 18.
LaTeX Info: Redefining \pageref on input line 18.
LaTeX Info: Redefining \nameref on input line 18.

(./Proton Decay Searches.out) (./Proton Decay Searches.out)
\@outlinefile=\write3
\openout3 = `"Proton Decay Searches.out"'.

LaTeX Font Info:    Try loading font information for U+msa on input line 25.

(/usr/local/texlive/2015/texmf-dist/tex/latex/amsfonts/umsa.fd
File: umsa.fd 2013/01/14 v3.01 AMS symbols A
)
LaTeX Font Info:    Try loading font information for U+msb on input line 25.

(/usr/local/texlive/2015/texmf-dist/tex/latex/amsfonts/umsb.fd
File: umsb.fd 2013/01/14 v3.01 AMS symbols B
)

Package hyperref Warning: Token not allowed in a PDF string (PDFDocEncoding):
(hyperref)                removing `math shift' on input line 30.


Package hyperref Warning: Token not allowed in a PDF string (PDFDocEncoding):
(hyperref)                removing `\rightarrow' on input line 30.


Package hyperref Warning: Token not allowed in a PDF string (PDFDocEncoding):
(hyperref)                removing `superscript' on input line 30.


Package hyperref Warning: Token not allowed in a PDF string (PDFDocEncoding):
(hyperref)                removing `\pi' on input line 30.


Package hyperref Warning: Token not allowed in a PDF string (PDFDocEncoding):
(hyperref)                removing `superscript' on input line 30.


Package hyperref Warning: Token not allowed in a PDF string (PDFDocEncoding):
(hyperref)                removing `math shift' on input line 30.

<rings.png, id=30, 731.73375pt x 733.74126pt>
File: rings.png Graphic file (type png)
 <use rings.png>
Package pdftex.def Info: rings.png used on input line 46.
(pdftex.def)             Requested size: 142.26378pt x 142.64792pt.
 [1{/usr/local/texlive/2015/texmf-var/fonts/map/pdftex/updmap/pdftex.map}]

Package hyperref Warning: Token not allowed in a PDF string (PDFDocEncoding):
(hyperref)                removing `math shift' on input line 52.


Package hyperref Warning: Token not allowed in a PDF string (PDFDocEncoding):
(hyperref)                removing `\rightarrow' on input line 52.


Package hyperref Warning: Token not allowed in a PDF string (PDFDocEncoding):
(hyperref)                removing `superscript' on input line 52.


Package hyperref Warning: Token not allowed in a PDF string (PDFDocEncoding):
(hyperref)                removing `math shift' on input line 52.

<kaon_decay.png, id=59, 418.56375pt x 348.30125pt>
File: kaon_decay.png Graphic file (type png)
 <use kaon_decay.png>
Package pdftex.def Info: kaon_decay.png used on input line 61.
(pdftex.def)             Requested size: 199.16928pt x 165.7318pt.

<muon_momentum.png, id=60, 402.50375pt x 372.39125pt>
File: muon_momentum.png Graphic file (type png)
 <use muon_momentum.png>
Package pdftex.def Info: muon_momentum.png used on input line 71.
(pdftex.def)             Requested size: 256.0748pt x 236.9147pt.

[2 <./rings.png> <./kaon_decay.png>]
Underfull \hbox (badness 10000) in paragraph at lines 82--83

 []

<DUNE_kaon.png, id=72, 541.02126pt x 515.9275pt>
File: DUNE_kaon.png Graphic file (type png)
 <use DUNE_kaon.png>
Package pdftex.def Info: DUNE_kaon.png used on input line 94.
(pdftex.def)             Requested size: 199.16928pt x 189.92975pt.
 [3 <./muon_momentum.png>] <kaon_mom.png, id=79, 425.59pt x 562.1pt>
File: kaon_mom.png Graphic file (type png)
 <use kaon_mom.png>
Package pdftex.def Info: kaon_mom.png used on input line 107.
(pdftex.def)             Requested size: 153.00156pt x 202.08138pt.

<kaon_tracking.png, id=80, 627.34375pt x 423.5825pt>
File: kaon_tracking.png Graphic file (type png)
 <use kaon_tracking.png>
Package pdftex.def Info: kaon_tracking.png used on input line 113.
(pdftex.def)             Requested size: 255.0pt x 172.17691pt.

<beta.png, id=81, 536.0025pt x 187.70125pt>
File: beta.png Graphic file (type png)
 <use beta.png>
Package pdftex.def Info: beta.png used on input line 125.
(pdftex.def)             Requested size: 256.0748pt x 89.67169pt.

<sensitivity.png, id=82, 653.44125pt x 470.75874pt>
File: sensitivity.png Graphic file (type png)
 <use sensitivity.png>
Package pdftex.def Info: sensitivity.png used on input line 137.
(pdftex.def)             Requested size: 256.0748pt x 184.4787pt.

[4 <./DUNE_kaon.png>] [5 <./kaon_mom.png> <./kaon_tracking.png> <./beta.png> <.
/sensitivity.png>]
Underfull \hbox (badness 7151) in paragraph at lines 152--153
[]\OT1/cmr/m/n/10 Marshall, C. "Mea-sure-ment of neutral-current $\OML/cmm/m/it
/10 K[]$ \OT1/cmr/m/n/10 pro-duc-tion by neu-tri-nos us-ing MIN-ERvA",
 []

Package atveryend Info: Empty hook `BeforeClearDocument' on input line 157.
[6]
Package atveryend Info: Empty hook `AfterLastShipout' on input line 157.
 (./Proton Decay Searches.aux)
Package atveryend Info: Executing hook `AtVeryEndDocument' on input line 157.
Package atveryend Info: Executing hook `AtEndAfterFileList' on input line 157.
Package rerunfilecheck Info: File `"Proton Decay Searches".out' has not changed
.
(rerunfilecheck)             Checksum: 3B2EF71D4D5E65FA214982212E991960;328.


LaTeX Warning: There were multiply-defined labels.

 ) 
Here is how much of TeX's memory you used:
 8828 strings out of 493089
 128575 string characters out of 6134842
 234023 words of memory out of 5000000
 12160 multiletter control sequences out of 15000+600000
 16461 words of font info for 61 fonts, out of 8000000 for 9000
 1141 hyphenation exceptions out of 8191
 36i,8n,38p,909b,471s stack positions out of 5000i,500n,10000p,200000b,80000s
</usr/local/texlive/2015/texmf-dist/fonts/type1/public/amsfonts/cm/cmbx10.pfb
></usr/local/texlive/2015/texmf-dist/fonts/type1/public/amsfonts/cm/cmbx12.pfb>
</usr/local/texlive/2015/texmf-dist/fonts/type1/public/amsfonts/cm/cmbx9.pfb></
usr/local/texlive/2015/texmf-dist/fonts/type1/public/amsfonts/cm/cmmi10.pfb></u
sr/local/texlive/2015/texmf-dist/fonts/type1/public/amsfonts/cm/cmmi7.pfb></usr
/local/texlive/2015/texmf-dist/fonts/type1/public/amsfonts/cm/cmmi9.pfb></usr/l
ocal/texlive/2015/texmf-dist/fonts/type1/public/amsfonts/cm/cmr10.pfb></usr/loc
al/texlive/2015/texmf-dist/fonts/type1/public/amsfonts/cm/cmr5.pfb></usr/local/
texlive/2015/texmf-dist/fonts/type1/public/amsfonts/cm/cmr6.pfb></usr/local/tex
live/2015/texmf-dist/fonts/type1/public/amsfonts/cm/cmr7.pfb></usr/local/texliv
e/2015/texmf-dist/fonts/type1/public/amsfonts/cm/cmr8.pfb></usr/local/texlive/2
015/texmf-dist/fonts/type1/public/amsfonts/cm/cmr9.pfb></usr/local/texlive/2015
/texmf-dist/fonts/type1/public/amsfonts/cm/cmsy10.pfb></usr/local/texlive/2015/
texmf-dist/fonts/type1/public/amsfonts/cm/cmsy6.pfb></usr/local/texlive/2015/te
xmf-dist/fonts/type1/public/amsfonts/cm/cmsy7.pfb></usr/local/texlive/2015/texm
f-dist/fonts/type1/public/amsfonts/cm/cmsy9.pfb></usr/local/texlive/2015/texmf-
dist/fonts/type1/public/amsfonts/cm/cmti9.pfb>
Output written on "Proton Decay Searches.pdf" (6 pages, 779738 bytes).
PDF statistics:
 175 PDF objects out of 1000 (max. 8388607)
 132 compressed objects within 2 object streams
 36 named destinations out of 1000 (max. 500000)
 89 words of extra memory for PDF output out of 10000 (max. 10000000)

